<?xml version="1.0" encoding="UTF-8"?>
<testng-results ignored="0" total="1" passed="1" failed="0" skipped="0">
  <reporter-output>
  </reporter-output>
  <suite started-at="2024-06-24T13:07:34 IST" name="Default suite" finished-at="2024-06-24T13:08:23 IST" duration-ms="49485">
    <groups>
    </groups>
    <test started-at="2024-06-24T13:07:34 IST" name="Default test" finished-at="2024-06-24T13:08:23 IST" duration-ms="49485">
      <class name="Testcases.Logintestcase">
        <test-method is-config="true" signature="beforeMethod()[pri:0, instance:Testcases.Logintestcase@4803b726]" started-at="2024-06-24T13:07:34 IST" name="beforeMethod" finished-at="2024-06-24T13:08:23 IST" duration-ms="48873" status="PASS">
          <reporter-output>
          </reporter-output>
        </test-method> <!-- beforeMethod -->
        <test-method signature="Login()[pri:0, instance:Testcases.Logintestcase@4803b726]" started-at="2024-06-24T13:08:23 IST" name="Login" finished-at="2024-06-24T13:08:23 IST" duration-ms="309" status="PASS">
          <reporter-output>
          </reporter-output>
        </test-method> <!-- Login -->
        <test-method is-config="true" signature="afterMethod()[pri:0, instance:Testcases.Logintestcase@4803b726]" started-at="2024-06-24T13:08:23 IST" name="afterMethod" finished-at="2024-06-24T13:08:23 IST" duration-ms="224" status="PASS">
          <reporter-output>
          </reporter-output>
        </test-method> <!-- afterMethod -->
      </class> <!-- Testcases.Logintestcase -->
    </test> <!-- Default test -->
  </suite> <!-- Default suite -->
</testng-results>
